<?xml version="1.0" encoding="UTF-8"?>
<!-- Generated by org.testng.reporters.JUnitReportReporter -->
<testsuite hostname="Lakshmi" failures="0" tests="1" name="automateActitime.Demo" time="8.473" errors="0" timestamp="2023-02-03T21:19:15 IST" skipped="0">
  <testcase classname="automateActitime.Demo" name="testMethod" time="8.473"/>
  <system-out/>
</testsuite> <!-- automateActitime.Demo -->
