<?xml version="1.0" encoding="UTF-8"?>
<!-- Generated by org.testng.reporters.JUnitReportReporter -->
<testsuite hostname="Lakshmi" failures="0" tests="1" name="scripts.TestLogin" time="41.433" errors="0" timestamp="2023-02-08T17:02:21 IST" skipped="0">
  <testcase classname="scripts.TestLogin" name="testMethod" time="41.433"/>
  <system-out/>
</testsuite> <!-- scripts.TestLogin -->
